<?xml version="1.0" encoding="UTF-8"?>
<!-- Generated by org.testng.reporters.JUnitXMLReporter -->
<testsuite ignored="0" hostname="DESKTOP-5MBAALU" failures="0" tests="3" name="Test 2" time="0.056" errors="0" timestamp="2020-11-13T11:26:12 IST">
  <testcase classname="com.cognizant.googleAutomate.AutomatingGoogle2" name="cleanUp" time="0.008"/>
  <testcase classname="com.cognizant.googleAutomate.AutomatingGoogle2" name="setUp" time="0.001"/>
  <testcase classname="com.cognizant.googleAutomate.AutomatingGoogle2" name="test" time="0.001"/>
</testsuite> <!-- Test 2 -->
