<?xml version="1.0" encoding="UTF-8"?>
<testng-results ignored="0" total="5" passed="5" failed="0" skipped="0">
  <reporter-output>
  </reporter-output>
  <suite started-at="2020-11-13T11:26:12 IST" name="Parameters testSuite" finished-at="2020-11-13T11:26:47 IST" duration-ms="35297">
    <groups>
    </groups>
    <test started-at="2020-11-13T11:26:12 IST" name="Test 2" finished-at="2020-11-13T11:26:12 IST" duration-ms="56">
      <class name="com.cognizant.googleAutomate.AutomatingGoogle2">
        <test-method signature="cleanUp()[pri:0, instance:com.cognizant.googleAutomate.AutomatingGoogle2@c33b74f]" started-at="2020-11-13T11:26:12 IST" name="cleanUp" finished-at="2020-11-13T11:26:12 IST" duration-ms="8" status="PASS">
          <reporter-output>
          </reporter-output>
        </test-method> <!-- cleanUp -->
        <test-method signature="setUp()[pri:0, instance:com.cognizant.googleAutomate.AutomatingGoogle2@c33b74f]" started-at="2020-11-13T11:26:12 IST" name="setUp" finished-at="2020-11-13T11:26:12 IST" duration-ms="1" status="PASS">
          <reporter-output>
          </reporter-output>
        </test-method> <!-- setUp -->
        <test-method signature="test()[pri:0, instance:com.cognizant.googleAutomate.AutomatingGoogle2@c33b74f]" started-at="2020-11-13T11:26:12 IST" name="test" finished-at="2020-11-13T11:26:12 IST" duration-ms="1" status="PASS">
          <reporter-output>
          </reporter-output>
        </test-method> <!-- test -->
      </class> <!-- com.cognizant.googleAutomate.AutomatingGoogle2 -->
    </test> <!-- Test 2 -->
    <test started-at="2020-11-13T11:26:12 IST" name="Test 1" finished-at="2020-11-13T11:26:47 IST" duration-ms="35297">
      <class name="com.cognizant.googleAutomate.AutomatingGoogle">
        <test-method signature="setUp(java.lang.String, java.lang.String)[pri:0, instance:com.cognizant.googleAutomate.AutomatingGoogle@13e39c73]" started-at="2020-11-13T11:26:12 IST" name="setUp" finished-at="2020-11-13T11:26:19 IST" duration-ms="7376" status="PASS">
          <params>
            <param index="0">
              <value>
                <![CDATA[webdriver.chrome.driver]]>
              </value>
            </param>
            <param index="1">
              <value>
                <![CDATA[F:\\softwares\\chromedriver.exe]]>
              </value>
            </param>
          </params>
          <reporter-output>
          </reporter-output>
        </test-method> <!-- setUp -->
        <test-method signature="test(java.lang.String, java.lang.String, java.lang.String, java.lang.String, java.lang.String, java.lang.String)[pri:0, instance:com.cognizant.googleAutomate.AutomatingGoogle@13e39c73]" started-at="2020-11-13T11:26:19 IST" name="test" finished-at="2020-11-13T11:26:47 IST" duration-ms="27883" status="PASS">
          <params>
            <param index="0">
              <value>
                <![CDATA[https://www.google.com/]]>
              </value>
            </param>
            <param index="1">
              <value>
                <![CDATA[gmail]]>
              </value>
            </param>
            <param index="2">
              <value>
                <![CDATA[selenium]]>
              </value>
            </param>
            <param index="3">
              <value>
                <![CDATA[https://twitter.com/]]>
              </value>
            </param>
            <param index="4">
              <value>
                <![CDATA[Romio Ranjan Sahoo]]>
              </value>
            </param>
            <param index="5">
              <value>
                <![CDATA[7008066158]]>
              </value>
            </param>
          </params>
          <reporter-output>
          </reporter-output>
        </test-method> <!-- test -->
      </class> <!-- com.cognizant.googleAutomate.AutomatingGoogle -->
    </test> <!-- Test 1 -->
  </suite> <!-- Parameters testSuite -->
</testng-results>
